<?xml version="1.0" encoding="UTF-8"?>
<!-- Generated by org.testng.reporters.JUnitReportReporter -->
<testsuite hostname="Saradhaas-MacBook-Pro.local" failures="0" tests="2" name="Weather.OpenWeatherMap_API_NegativeTest" time="1.056" errors="0" timestamp="28 May 2024 11:00:30 GMT" skipped="0">
  <testcase classname="Weather.OpenWeatherMap_API_NegativeTest" name="testCityNotFound" time="0.733"/>
  <testcase classname="Weather.OpenWeatherMap_API_NegativeTest" name="testInvalidKey" time="0.323"/>
</testsuite> <!-- Weather.OpenWeatherMap_API_NegativeTest -->
