<?xml version="1.0" encoding="UTF-8"?>
<!-- Generated by org.testng.reporters.JUnitReportReporter -->
<testsuite hostname="Saradhaas-MacBook-Pro.local" failures="0" tests="1" name="Weather.TestWeather" time="0.929" errors="0" timestamp="2024-05-22T13:31:22 BST" skipped="0">
  <testcase classname="Weather.TestWeather" name="test" time="0.929"/>
</testsuite> <!-- Weather.TestWeather -->
