<?xml version="1.0" encoding="UTF-8"?>
<!-- Generated by org.testng.reporters.JUnitReportReporter -->
<testsuite hostname="Saradhaas-MacBook-Pro.local" failures="0" tests="2" name="Weather.OpenWeatherMap_API_NegativeTest" time="1.045" errors="0" timestamp="2024-05-22T13:35:45 BST" skipped="0">
  <testcase classname="Weather.OpenWeatherMap_API_NegativeTest" name="testInvalidKey" time="0.267"/>
  <testcase classname="Weather.OpenWeatherMap_API_NegativeTest" name="testCityNotFound" time="0.778"/>
</testsuite> <!-- Weather.OpenWeatherMap_API_NegativeTest -->
