<?xml version="1.0" encoding="UTF-8"?>
<!-- Generated by org.testng.reporters.JUnitReportReporter -->
<testsuite hostname="Saradhaas-MacBook-Pro.local" failures="0" tests="2" name="Weather.OpenWeatherMap_API_PositiveTest" time="1.019" errors="0" timestamp="2024-05-22T13:22:07 BST" skipped="0">
  <testcase classname="Weather.OpenWeatherMap_API_PositiveTest" name="testWeatherByCity" time="0.785"/>
  <testcase classname="Weather.OpenWeatherMap_API_PositiveTest" name="testWeatherByCoordinate" time="0.234"/>
</testsuite> <!-- Weather.OpenWeatherMap_API_PositiveTest -->
